2026-02-07 12:54:00 | UPDATED | https://docs.openclaw.ai/automation/auth-monitoring | 79f4fc4b257061cfb21ee70dd72e1c452e2796e0883c35ddd226687d45aeefa7
2026-02-07 12:54:00 | UPDATED | https://docs.openclaw.ai/automation/cron-jobs | 8eb836e392441c4ce5f93927b8f151cdafe315edc246355e53100e02ea2283a9
2026-02-07 12:54:00 | UPDATED | https://docs.openclaw.ai/automation/cron-vs-heartbeat | 804bbc8d5c2a8e3c27da69cc65b70b20a0e8fa4c88184a0646ca2b47bafbc0df
2026-02-07 12:54:00 | UPDATED | https://docs.openclaw.ai/automation/gmail-pubsub | 09796f7e7762bd8ddac8fcb0863d313be3b2ed51b49ef08a8a37c1bf0c318d35
2026-02-07 12:54:00 | UPDATED | https://docs.openclaw.ai/automation/poll | 3f9811d63bdefdbaff85caa7433596cb7d9ff31daed9e1473be85361934305a2
2026-02-07 12:54:00 | UPDATED | https://docs.openclaw.ai/automation/webhook | fe4525fce59a9187e03b6f7b189b9fe96eea05bd57bd5a16af71ad58b9691198
2026-02-07 12:54:00 | UPDATED | https://docs.openclaw.ai/bedrock | 355b575da679bd70950bfc6b2b25cc5ac90c4ef3f020b237f965d06dda7963e1
2026-02-07 12:54:00 | UPDATED | https://docs.openclaw.ai/broadcast-groups | e9e8820e76cc780f1565953880908ea291ab75a49caacab89945c4c4a60259f1
2026-02-07 12:54:00 | UPDATED | https://docs.openclaw.ai/channels/discord | d0f1d5567136f2c4a936c5f7509365f66d7ad9850f996beea6ed43a182c9e96f
2026-02-07 12:54:00 | UPDATED | https://docs.openclaw.ai/channels/feishu | b2044a3d0a558fb411aff1eb08cc3664a5553c2ba30abb7ef19f2fef05285dbd
2026-02-07 12:54:00 | UPDATED | https://docs.openclaw.ai/channels/googlechat | 2f2ebfc7d83ca5028caaa9bc27f3d8701a850f5802525e527015b0fa60ae0c85
2026-02-07 12:54:00 | UPDATED | https://docs.openclaw.ai/channels/grammy | 7398748173421f0ee635c16eeb4307a2efb524aa6d7013592a30a712d23cd91f
2026-02-07 12:54:00 | UPDATED | https://docs.openclaw.ai/channels/imessage | e31f31566b90aeb444828d97dd4e5811d118ab5f57d0b59877cf56c3f6e235e3
2026-02-07 12:54:00 | UPDATED | https://docs.openclaw.ai/channels | b5d331f4f34b2e1616e2f5ff5ce155cc170cc28e8e6d0d3b84b28a3fc426e288
2026-02-07 12:54:00 | UPDATED | https://docs.openclaw.ai/channels/line | 42e99f51d13df7b229fb81e675690f23b95814a53bc0e79c6e16ef496aa62d8b
2026-02-07 12:54:00 | UPDATED | https://docs.openclaw.ai/channels/location | a2bb7dbee609c70cb6a9fd0bed244fb13a38d0583f54dbc5b553c26dc57d915c
2026-02-07 12:54:00 | UPDATED | https://docs.openclaw.ai/channels/matrix | 2433c98f04f75b04a8a36da01aab9cd3a9052cfb0082d9833d65da68db0acd62
2026-02-07 12:54:00 | UPDATED | https://docs.openclaw.ai/channels/mattermost | 980e056608bc3f8ce0587ebc87bbb6fdaf731bded566f779bbe1635feb93c438
2026-02-07 12:54:00 | UPDATED | https://docs.openclaw.ai/channels/msteams | 67705c645b7a5d732f3731b655915dff659665e5b642bc8570d231024bcf95e1
2026-02-07 12:54:00 | UPDATED | https://docs.openclaw.ai/channels/signal | 20a4f2351101131390ed3cd95435cf49a8d14527692ed5cf9a567f38767e5b82
2026-02-07 12:54:00 | UPDATED | https://docs.openclaw.ai/channels/slack | d0048f08c08f254c7171718e29095d6d718cd4302ddda401bcc7d77d61bbad8d
2026-02-07 12:54:00 | UPDATED | https://docs.openclaw.ai/channels/telegram | de1e78669880e63881bda41b23089141251d41b363e07bc68b5a4d368cb8f5ba
2026-02-07 12:54:00 | UPDATED | https://docs.openclaw.ai/channels/troubleshooting | 548d576fc327a9583dd3a29a83b0d2b93ca7e83e455812de8587f55a837b3f42
2026-02-07 12:54:00 | UPDATED | https://docs.openclaw.ai/channels/whatsapp | a10bf9042eecbb65e9e85e51987beba6d43f30b850971110c5f35be041a1103d
2026-02-07 12:54:00 | UPDATED | https://docs.openclaw.ai/channels/zalo | d822eaaf86d671cdb37045d40fe7dd8dddac6c412f1c1b59f1b3b2c574d47985
2026-02-07 12:54:00 | UPDATED | https://docs.openclaw.ai/channels/zalouser | dcb6df6c718ca5ff9a9bd1a87f519de23f77765da55ca027ba6ae38b7a10843f
2026-02-07 12:54:00 | UPDATED | https://docs.openclaw.ai/cli/agent | 3264444947304846d741f4ebb4b58c4c5b025d42e43df8d300d5926756a7aa73
2026-02-07 12:54:00 | UPDATED | https://docs.openclaw.ai/cli/agents | 3f8e97cb04bde5191ace5bfee611652d13744b572006639fec81e1fb01285941
2026-02-07 12:54:00 | UPDATED | https://docs.openclaw.ai/cli/approvals | 43dfa318fda7882556a74ca6d92498949a52929202ab2ec75dc374e7d5ab12ac
2026-02-07 12:54:00 | UPDATED | https://docs.openclaw.ai/cli/browser | d191a802487745e904999f3ce2f9f00e359b4e86eab4dbb9f50ac6d75447543d
2026-02-07 12:55:21 | UPDATED | https://docs.openclaw.ai/automation/gmail-pubsub | 6ba09390341bc87d8fd02fc4da3f9c39cecb7348625c29697243151550a110d8
2026-02-07 12:55:21 | UPDATED | https://docs.openclaw.ai/automation/poll | c3376832dc9596992cb0cb9b44048e65b9f6dd74e4de1127c01497cb5c7758f8
2026-02-07 12:55:21 | UPDATED | https://docs.openclaw.ai/broadcast-groups | e0e4b88931b52a07aab6b4a658763bf9085d472f69c8be82435639273c2fe96c
2026-02-07 12:55:21 | UPDATED | https://docs.openclaw.ai/channels/googlechat | 187e69ceb20ea7940f1315fed0f36df4abc80300d7715fc74f7c53b41f7c991f
2026-02-07 12:55:21 | UPDATED | https://docs.openclaw.ai/channels/imessage | 67da8ac5b2dd77f1cf5052fedd879c7d22fea248e9e216373f76d02a82856d60
2026-02-07 12:55:21 | UPDATED | https://docs.openclaw.ai/channels/msteams | bdadffd53117c815a9db1ccfed1f96e5c73536211dfd367722fb8987854bc346
